Base path: 'C:/Program Files/Unity/Hub/Editor/2019.4.1f1/Editor/Data', plugins path 'C:/Program Files/Unity/Hub/Editor/2019.4.1f1/Editor/Data/PlaybackEngines'
Cmd: initializeCompiler
Cmd: preprocess
  insize=811 outsize=209 ok=1
Cmd: preprocess
  insize=811 outsize=209 ok=1
Cmd: preprocess
  insize=811 outsize=209 ok=1
Cmd: preprocess
  insize=811 outsize=209 ok=1
Cmd: preprocess
  insize=811 outsize=209 ok=1
Cmd: preprocess
  insize=811 outsize=209 ok=1
Cmd: preprocess
  insize=811 outsize=209 ok=1
Cmd: preprocess
  insize=811 outsize=209 ok=1
Cmd: preprocess
  insize=811 outsize=209 ok=1
Cmd: preprocess
  insize=811 outsize=209 ok=1
Cmd: preprocess
  insize=811 outsize=209 ok=1
Cmd: preprocess
  insize=811 outsize=209 ok=1
Cmd: preprocess
  insize=811 outsize=209 ok=1
Cmd: preprocess
  insize=811 outsize=209 ok=1
Cmd: preprocess
  insize=811 outsize=209 ok=1
Cmd: preprocess
  insize=811 outsize=209 ok=1
Cmd: preprocess
  insize=811 outsize=209 ok=1
Cmd: preprocess
  insize=811 outsize=209 ok=1
Cmd: preprocess
  insize=811 outsize=209 ok=1
Cmd: preprocess
  insize=811 outsize=209 ok=1
Cmd: preprocess
  insize=811 outsize=209 ok=1
Cmd: preprocess
  insize=811 outsize=209 ok=1
Cmd: preprocess
  insize=811 outsize=209 ok=1
Cmd: preprocess
  insize=811 outsize=209 ok=1
Cmd: preprocess
  insize=3757 outsize=698 ok=1
Cmd: preprocess
  insize=6958 outsize=695 ok=1
Cmd: preprocess
  insize=6275 outsize=700 ok=1
Cmd: preprocess
  insize=3690 outsize=703 ok=1
Cmd: preprocess
  insize=3710 outsize=699 ok=1
Cmd: preprocess
  insize=4382 outsize=706 ok=1
Cmd: preprocess
  insize=5627 outsize=705 ok=1
Cmd: preprocess
  insize=4256 outsize=702 ok=1
Cmd: preprocess
  insize=6236 outsize=695 ok=1
Cmd: preprocess
  insize=5949 outsize=700 ok=1
Cmd: preprocess
  insize=5617 outsize=697 ok=1
Cmd: preprocess
  insize=3657 outsize=699 ok=1
Cmd: preprocess
  insize=5318 outsize=698 ok=1
Cmd: preprocess
  insize=86529 outsize=3122 ok=1
Cmd: preprocess
  insize=3681 outsize=694 ok=1
Cmd: preprocess
  insize=63216 outsize=3119 ok=1
Cmd: preprocess
  insize=60064 outsize=3133 ok=1
Cmd: compileSnippet
  api=4 type=0 insize=8659 outsize=1026 kw=UNITY_PASS_SHADOWCASTER pd=UNITY_NO_DXT5nm UNITY_ENABLE_REFLECTION_BUFFERS UNITY_NO_CUBEMAP_ARRAY UNITY_NO_SCREENSPACE_SHADOWS UNITY_PBS_USE_BRDF2 SHADER_API_DESKTOP UNITY_COLORSPACE_GAMMA UNITY_LIGHTMAP_DLDR_ENCODING ok=1
Cmd: compileSnippet
  api=4 type=0 insize=15979 outsize=3194 kw=_MAIN_LIGHT_SHADOWS _ADDITIONAL_LIGHTS_VERTEX pd=UNITY_NO_DXT5nm UNITY_ENABLE_REFLECTION_BUFFERS UNITY_NO_CUBEMAP_ARRAY UNITY_NO_SCREENSPACE_SHADOWS UNITY_PBS_USE_BRDF2 SHADER_API_DESKTOP UNITY_COLORSPACE_GAMMA UNITY_LIGHTMAP_DLDR_ENCODING ok=1
Cmd: preprocess
  insize=811 outsize=209 ok=1
Cmd: preprocess
  insize=811 outsize=209 ok=1
Cmd: preprocess
  insize=811 outsize=209 ok=1
Cmd: preprocess
  insize=811 outsize=209 ok=1
Cmd: preprocess
  insize=811 outsize=209 ok=1
Cmd: preprocess
  insize=811 outsize=209 ok=1
Cmd: preprocess
  insize=811 outsize=209 ok=1
Cmd: preprocess
  insize=811 outsize=209 ok=1
Cmd: preprocess
  insize=811 outsize=209 ok=1
Cmd: preprocess
  insize=811 outsize=209 ok=1
Cmd: preprocess
  insize=811 outsize=209 ok=1
Cmd: preprocess
  insize=811 outsize=209 ok=1
Cmd: preprocess
  insize=811 outsize=209 ok=1
Cmd: preprocess
  insize=811 outsize=209 ok=1
Cmd: preprocess
  insize=811 outsize=209 ok=1
Cmd: preprocess
  insize=811 outsize=209 ok=1
Cmd: preprocess
  insize=811 outsize=209 ok=1
Cmd: preprocess
  insize=811 outsize=209 ok=1
Cmd: preprocess
  insize=811 outsize=209 ok=1
Cmd: preprocess
  insize=811 outsize=209 ok=1
Cmd: preprocess
  insize=811 outsize=209 ok=1
Cmd: preprocess
  insize=811 outsize=209 ok=1
Cmd: preprocess
  insize=811 outsize=209 ok=1
Cmd: preprocess
  insize=811 outsize=209 ok=1
Cmd: preprocess
  insize=3757 outsize=698 ok=1
Cmd: preprocess
  insize=6958 outsize=695 ok=1
Cmd: preprocess
  insize=6275 outsize=700 ok=1
Cmd: preprocess
  insize=3690 outsize=703 ok=1
Cmd: preprocess
  insize=3710 outsize=699 ok=1
Cmd: preprocess
  insize=4382 outsize=706 ok=1
Cmd: preprocess
  insize=5627 outsize=705 ok=1
Cmd: preprocess
  insize=4256 outsize=702 ok=1
Cmd: preprocess
  insize=6236 outsize=695 ok=1
Cmd: preprocess
  insize=5949 outsize=700 ok=1
Cmd: preprocess
  insize=5617 outsize=697 ok=1
Cmd: preprocess
  insize=3657 outsize=699 ok=1
Cmd: preprocess
  insize=5318 outsize=698 ok=1
Cmd: preprocess
  insize=63216 outsize=3119 ok=1
Cmd: preprocess
  insize=3681 outsize=694 ok=1
Cmd: preprocess
  insize=3681 outsize=694 ok=1
Cmd: preprocess
  insize=5318 outsize=698 ok=1
Cmd: preprocess
  insize=5617 outsize=697 ok=1
Cmd: preprocess
  insize=5949 outsize=700 ok=1
Cmd: preprocess
  insize=6236 outsize=695 ok=1
Cmd: preprocess
  insize=63216 outsize=3119 ok=1
Cmd: preprocess
  insize=3657 outsize=699 ok=1
Cmd: preprocess
  insize=3710 outsize=699 ok=1
Cmd: preprocess
  insize=4382 outsize=706 ok=1
Cmd: preprocess
  insize=5627 outsize=705 ok=1
Cmd: preprocess
  insize=6275 outsize=700 ok=1
Cmd: preprocess
  insize=6958 outsize=695 ok=1
Cmd: compileSnippet
  api=4 type=0 insize=15979 outsize=2066 kw=_ADDITIONAL_LIGHTS pd=UNITY_NO_DXT5nm UNITY_ENABLE_REFLECTION_BUFFERS UNITY_NO_CUBEMAP_ARRAY UNITY_NO_SCREENSPACE_SHADOWS UNITY_PBS_USE_BRDF2 SHADER_API_DESKTOP UNITY_COLORSPACE_GAMMA UNITY_LIGHTMAP_DLDR_ENCODING ok=1
Cmd: compileSnippet
  error: 1 plat 4 at (145): pow(f, e) will not work for negative f, use abs(f) or conditionally handle negative values if you expect them\nCompiling Fragment program with _ADDITIONAL_LIGHTS
Platform defines: UNITY_NO_DXT5nm UNITY_ENABLE_REFLECTION_BUFFERS UNITY_NO_CUBEMAP_ARRAY UNITY_NO_SCREENSPACE_SHADOWS UNITY_PBS_USE_BRDF2 SHADER_API_DESKTOP UNITY_COLORSPACE_GAMMA UNITY_LIGHTMAP_DLDR_ENCODING
  api=4 type=1 insize=15979 outsize=4606 kw=_ADDITIONAL_LIGHTS pd=UNITY_NO_DXT5nm UNITY_ENABLE_REFLECTION_BUFFERS UNITY_NO_CUBEMAP_ARRAY UNITY_NO_SCREENSPACE_SHADOWS UNITY_PBS_USE_BRDF2 SHADER_API_DESKTOP UNITY_COLORSPACE_GAMMA UNITY_LIGHTMAP_DLDR_ENCODING ok=1
Cmd: compileSnippet
  api=9 type=0 insize=15979 outsize=17593 kw=_ADDITIONAL_LIGHTS _MAIN_LIGHT_SHADOWS pd=UNITY_NO_DXT5nm UNITY_NO_RGBM UNITY_ENABLE_REFLECTION_BUFFERS UNITY_FRAMEBUFFER_FETCH_AVAILABLE UNITY_NO_CUBEMAP_ARRAY UNITY_NO_SCREENSPACE_SHADOWS UNITY_PBS_USE_BRDF3 UNITY_NO_FULL_STANDARD_SHADER SHADER_API_MOBILE UNITY_COLORSPACE_GAMMA UNITY_LIGHTMAP_DLDR_ENCODING ok=1
Cmd: compileSnippet
  api=9 type=1 insize=15979 outsize=0 kw=_ADDITIONAL_LIGHTS _MAIN_LIGHT_SHADOWS pd=UNITY_NO_DXT5nm UNITY_NO_RGBM UNITY_ENABLE_REFLECTION_BUFFERS UNITY_FRAMEBUFFER_FETCH_AVAILABLE UNITY_NO_CUBEMAP_ARRAY UNITY_NO_SCREENSPACE_SHADOWS UNITY_PBS_USE_BRDF3 UNITY_NO_FULL_STANDARD_SHADER SHADER_API_MOBILE UNITY_COLORSPACE_GAMMA UNITY_LIGHTMAP_DLDR_ENCODING ok=1
Cmd: compileSnippet
  api=9 type=0 insize=8659 outsize=3211 kw=UNITY_PASS_SHADOWCASTER pd=UNITY_NO_DXT5nm UNITY_NO_RGBM UNITY_ENABLE_REFLECTION_BUFFERS UNITY_FRAMEBUFFER_FETCH_AVAILABLE UNITY_NO_CUBEMAP_ARRAY UNITY_NO_SCREENSPACE_SHADOWS UNITY_PBS_USE_BRDF3 UNITY_NO_FULL_STANDARD_SHADER SHADER_API_MOBILE UNITY_COLORSPACE_GAMMA UNITY_LIGHTMAP_DLDR_ENCODING ok=1
Cmd: compileSnippet
  api=9 type=1 insize=8659 outsize=0 kw=UNITY_PASS_SHADOWCASTER pd=UNITY_NO_DXT5nm UNITY_NO_RGBM UNITY_ENABLE_REFLECTION_BUFFERS UNITY_FRAMEBUFFER_FETCH_AVAILABLE UNITY_NO_CUBEMAP_ARRAY UNITY_NO_SCREENSPACE_SHADOWS UNITY_PBS_USE_BRDF3 UNITY_NO_FULL_STANDARD_SHADER SHADER_API_MOBILE UNITY_COLORSPACE_GAMMA UNITY_LIGHTMAP_DLDR_ENCODING ok=1
Cmd: compileSnippet
  api=9 type=0 insize=8653 outsize=2249 kw= pd=UNITY_NO_DXT5nm UNITY_NO_RGBM UNITY_ENABLE_REFLECTION_BUFFERS UNITY_FRAMEBUFFER_FETCH_AVAILABLE UNITY_NO_CUBEMAP_ARRAY UNITY_NO_SCREENSPACE_SHADOWS UNITY_PBS_USE_BRDF3 UNITY_NO_FULL_STANDARD_SHADER SHADER_API_MOBILE UNITY_COLORSPACE_GAMMA UNITY_LIGHTMAP_DLDR_ENCODING ok=1
Cmd: compileSnippet
  api=9 type=1 insize=8653 outsize=0 kw= pd=UNITY_NO_DXT5nm UNITY_NO_RGBM UNITY_ENABLE_REFLECTION_BUFFERS UNITY_FRAMEBUFFER_FETCH_AVAILABLE UNITY_NO_CUBEMAP_ARRAY UNITY_NO_SCREENSPACE_SHADOWS UNITY_PBS_USE_BRDF3 UNITY_NO_FULL_STANDARD_SHADER SHADER_API_MOBILE UNITY_COLORSPACE_GAMMA UNITY_LIGHTMAP_DLDR_ENCODING ok=1
Cmd: compileSnippet
  api=9 type=0 insize=12458 outsize=5191 kw= pd=UNITY_NO_DXT5nm UNITY_NO_RGBM UNITY_ENABLE_REFLECTION_BUFFERS UNITY_FRAMEBUFFER_FETCH_AVAILABLE UNITY_NO_CUBEMAP_ARRAY UNITY_NO_SCREENSPACE_SHADOWS UNITY_PBS_USE_BRDF3 UNITY_NO_FULL_STANDARD_SHADER SHADER_API_MOBILE UNITY_COLORSPACE_GAMMA UNITY_LIGHTMAP_DLDR_ENCODING ok=1
Cmd: compileSnippet
  api=9 type=1 insize=12458 outsize=0 kw= pd=UNITY_NO_DXT5nm UNITY_NO_RGBM UNITY_ENABLE_REFLECTION_BUFFERS UNITY_FRAMEBUFFER_FETCH_AVAILABLE UNITY_NO_CUBEMAP_ARRAY UNITY_NO_SCREENSPACE_SHADOWS UNITY_PBS_USE_BRDF3 UNITY_NO_FULL_STANDARD_SHADER SHADER_API_MOBILE UNITY_COLORSPACE_GAMMA UNITY_LIGHTMAP_DLDR_ENCODING ok=1
Cmd: preprocess
  insize=811 outsize=209 ok=1
Cmd: preprocess
  insize=811 outsize=209 ok=1
Cmd: preprocess
  insize=811 outsize=209 ok=1
Cmd: preprocess
  insize=811 outsize=209 ok=1
Cmd: preprocess
  insize=811 outsize=209 ok=1
Cmd: preprocess
  insize=811 outsize=209 ok=1
Cmd: preprocess
  insize=811 outsize=209 ok=1
Cmd: preprocess
  insize=811 outsize=209 ok=1
Cmd: preprocess
  insize=811 outsize=209 ok=1
Cmd: preprocess
  insize=811 outsize=209 ok=1
Cmd: preprocess
  insize=811 outsize=209 ok=1
Cmd: preprocess
  insize=811 outsize=209 ok=1
Cmd: preprocess
  insize=811 outsize=209 ok=1
Cmd: preprocess
  insize=811 outsize=209 ok=1
Cmd: preprocess
  insize=811 outsize=209 ok=1
Cmd: preprocess
  insize=811 outsize=209 ok=1
Cmd: preprocess
  insize=811 outsize=209 ok=1
Cmd: preprocess
  insize=811 outsize=209 ok=1
Cmd: preprocess
  insize=811 outsize=209 ok=1
Cmd: preprocess
  insize=811 outsize=209 ok=1
Cmd: preprocess
  insize=811 outsize=209 ok=1
Cmd: preprocess
  insize=811 outsize=209 ok=1
Cmd: preprocess
  insize=811 outsize=209 ok=1
Cmd: preprocess
  insize=811 outsize=209 ok=1
Cmd: preprocess
  insize=3757 outsize=698 ok=1
Cmd: preprocess
  insize=6958 outsize=695 ok=1
Cmd: preprocess
  insize=6275 outsize=700 ok=1
Cmd: preprocess
  insize=3690 outsize=703 ok=1
Cmd: preprocess
  insize=3710 outsize=699 ok=1
Cmd: preprocess
  insize=4382 outsize=706 ok=1
Cmd: preprocess
  insize=5627 outsize=705 ok=1
Cmd: preprocess
  insize=4256 outsize=702 ok=1
Cmd: preprocess
  insize=6236 outsize=695 ok=1
Cmd: preprocess
  insize=5949 outsize=700 ok=1
Cmd: preprocess
  insize=5617 outsize=697 ok=1
Cmd: preprocess
  insize=3657 outsize=699 ok=1
Cmd: preprocess
  insize=5318 outsize=698 ok=1
Cmd: preprocess
  insize=63216 outsize=3119 ok=1
Cmd: preprocess
  insize=3681 outsize=694 ok=1
Cmd: preprocess
  insize=3681 outsize=694 ok=1
Cmd: preprocess
  insize=5318 outsize=698 ok=1
Cmd: preprocess
  insize=5617 outsize=697 ok=1
Cmd: preprocess
  insize=5949 outsize=700 ok=1
Cmd: preprocess
  insize=6236 outsize=695 ok=1
Cmd: preprocess
  insize=63216 outsize=3119 ok=1
Cmd: preprocess
  insize=3657 outsize=699 ok=1
Cmd: preprocess
  insize=3710 outsize=699 ok=1
Cmd: preprocess
  insize=4382 outsize=706 ok=1
Cmd: preprocess
  insize=5627 outsize=705 ok=1
Cmd: preprocess
  insize=6275 outsize=700 ok=1
Cmd: preprocess
  insize=6958 outsize=695 ok=1
Cmd: preprocess
  insize=811 outsize=209 ok=1
Cmd: preprocess
  insize=811 outsize=209 ok=1
Cmd: preprocess
  insize=811 outsize=209 ok=1
Cmd: preprocess
  insize=811 outsize=209 ok=1
Cmd: preprocess
  insize=811 outsize=209 ok=1
Cmd: preprocess
  insize=811 outsize=209 ok=1
Cmd: preprocess
  insize=811 outsize=209 ok=1
Cmd: preprocess
  insize=811 outsize=209 ok=1
Cmd: preprocess
  insize=811 outsize=209 ok=1
Cmd: preprocess
  insize=811 outsize=209 ok=1
Cmd: preprocess
  insize=811 outsize=209 ok=1
Cmd: preprocess
  insize=811 outsize=209 ok=1
Cmd: preprocess
  insize=811 outsize=209 ok=1
Cmd: preprocess
  insize=811 outsize=209 ok=1
Cmd: preprocess
  insize=811 outsize=209 ok=1
Cmd: preprocess
  insize=811 outsize=209 ok=1
Cmd: preprocess
  insize=811 outsize=209 ok=1
Cmd: preprocess
  insize=811 outsize=209 ok=1
Cmd: preprocess
  insize=811 outsize=209 ok=1
Cmd: preprocess
  insize=811 outsize=209 ok=1
Cmd: preprocess
  insize=811 outsize=209 ok=1
Cmd: preprocess
  insize=811 outsize=209 ok=1
Cmd: preprocess
  insize=811 outsize=209 ok=1
Cmd: preprocess
  insize=811 outsize=209 ok=1
Cmd: preprocess
  insize=3757 outsize=698 ok=1
Cmd: preprocess
  insize=6958 outsize=695 ok=1
Cmd: preprocess
  insize=6275 outsize=700 ok=1
Cmd: preprocess
  insize=3690 outsize=703 ok=1
Cmd: preprocess
  insize=3710 outsize=699 ok=1
Cmd: preprocess
  insize=4382 outsize=706 ok=1
Cmd: preprocess
  insize=5627 outsize=705 ok=1
Cmd: preprocess
  insize=4256 outsize=702 ok=1
Cmd: preprocess
  insize=6236 outsize=695 ok=1
Cmd: preprocess
  insize=5949 outsize=700 ok=1
Cmd: preprocess
  insize=5617 outsize=697 ok=1
Cmd: preprocess
  insize=3657 outsize=699 ok=1
Cmd: preprocess
  insize=5318 outsize=698 ok=1
Cmd: preprocess
  insize=63216 outsize=3119 ok=1
Cmd: preprocess
  insize=3681 outsize=694 ok=1
Cmd: preprocess
  insize=3681 outsize=694 ok=1
Cmd: preprocess
  insize=5318 outsize=698 ok=1
Cmd: preprocess
  insize=5617 outsize=697 ok=1
Cmd: preprocess
  insize=5949 outsize=700 ok=1
Cmd: preprocess
  insize=6236 outsize=695 ok=1
Cmd: preprocess
  insize=63216 outsize=3119 ok=1
Cmd: preprocess
  insize=3657 outsize=699 ok=1
Cmd: preprocess
  insize=3710 outsize=699 ok=1
Cmd: preprocess
  insize=4382 outsize=706 ok=1
Cmd: preprocess
  insize=5627 outsize=705 ok=1
Cmd: preprocess
  insize=6275 outsize=700 ok=1
Cmd: preprocess
  insize=6958 outsize=695 ok=1
Cmd: preprocess
  insize=811 outsize=209 ok=1
Cmd: preprocess
  insize=811 outsize=209 ok=1
Cmd: preprocess
  insize=811 outsize=209 ok=1
Cmd: preprocess
  insize=811 outsize=209 ok=1
Cmd: preprocess
  insize=811 outsize=209 ok=1
Cmd: preprocess
  insize=811 outsize=209 ok=1
Cmd: preprocess
  insize=811 outsize=209 ok=1
Cmd: preprocess
  insize=811 outsize=209 ok=1
Cmd: preprocess
  insize=811 outsize=209 ok=1
Cmd: preprocess
  insize=811 outsize=209 ok=1
Cmd: preprocess
  insize=811 outsize=209 ok=1
Cmd: preprocess
  insize=811 outsize=209 ok=1
Cmd: preprocess
  insize=811 outsize=209 ok=1
Cmd: preprocess
  insize=811 outsize=209 ok=1
Cmd: preprocess
  insize=811 outsize=209 ok=1
Cmd: preprocess
  insize=811 outsize=209 ok=1
Cmd: preprocess
  insize=811 outsize=209 ok=1
Cmd: preprocess
  insize=811 outsize=209 ok=1
Cmd: preprocess
  insize=811 outsize=209 ok=1
Cmd: preprocess
  insize=811 outsize=209 ok=1
Cmd: preprocess
  insize=811 outsize=209 ok=1
Cmd: preprocess
  insize=811 outsize=209 ok=1
Cmd: preprocess
  insize=811 outsize=209 ok=1
Cmd: preprocess
  insize=811 outsize=209 ok=1
Cmd: preprocess
  insize=3757 outsize=698 ok=1
Cmd: preprocess
  insize=6958 outsize=695 ok=1
Cmd: preprocess
  insize=6275 outsize=700 ok=1
Cmd: preprocess
  insize=3690 outsize=703 ok=1
Cmd: preprocess
  insize=3710 outsize=699 ok=1
Cmd: preprocess
  insize=4382 outsize=706 ok=1
Cmd: preprocess
  insize=5627 outsize=705 ok=1
Cmd: preprocess
  insize=4256 outsize=702 ok=1
Cmd: preprocess
  insize=6236 outsize=695 ok=1
Cmd: preprocess
  insize=5949 outsize=700 ok=1
Cmd: preprocess
  insize=5617 outsize=697 ok=1
Cmd: preprocess
  insize=3657 outsize=699 ok=1
Cmd: preprocess
  insize=5318 outsize=698 ok=1
Cmd: preprocess
  insize=63216 outsize=3119 ok=1
Cmd: preprocess
  insize=3681 outsize=694 ok=1
Cmd: preprocess
  insize=3681 outsize=694 ok=1
Cmd: preprocess
  insize=5318 outsize=698 ok=1
Cmd: preprocess
  insize=5617 outsize=697 ok=1
Cmd: preprocess
  insize=5949 outsize=700 ok=1
Cmd: preprocess
  insize=6236 outsize=695 ok=1
Cmd: preprocess
  insize=63216 outsize=3119 ok=1
Cmd: preprocess
  insize=3657 outsize=699 ok=1
Cmd: preprocess
  insize=3710 outsize=699 ok=1
Cmd: preprocess
  insize=4382 outsize=706 ok=1
Cmd: preprocess
  insize=5627 outsize=705 ok=1
Cmd: preprocess
  insize=6275 outsize=700 ok=1
Cmd: preprocess
  insize=6958 outsize=695 ok=1
Cmd: compileSnippet
  api=4 type=0 insize=12150 outsize=2990 kw=_ADDITIONAL_LIGHTS_VERTEX pd=UNITY_NO_DXT5nm UNITY_ENABLE_REFLECTION_BUFFERS UNITY_NO_CUBEMAP_ARRAY UNITY_NO_SCREENSPACE_SHADOWS UNITY_PBS_USE_BRDF2 SHADER_API_DESKTOP UNITY_COLORSPACE_GAMMA UNITY_LIGHTMAP_DLDR_ENCODING ok=1
Cmd: compileSnippet
  api=4 type=1 insize=12150 outsize=2026 kw=_ADDITIONAL_LIGHTS_VERTEX pd=UNITY_NO_DXT5nm UNITY_ENABLE_REFLECTION_BUFFERS UNITY_NO_CUBEMAP_ARRAY UNITY_NO_SCREENSPACE_SHADOWS UNITY_PBS_USE_BRDF2 SHADER_API_DESKTOP UNITY_COLORSPACE_GAMMA UNITY_LIGHTMAP_DLDR_ENCODING ok=1
